info: Done!
info: Аккаунты успешно загружены.
info: ******************* ПОДКЛЮЧАЕМСЯ К INFURA (МОЖЕТ ЗАНЯТЬ НЕСКОЛЬКО МИНУТ) *******************
warn: .....
info: Общее количество соединений 120
info: ******************* ПОДКЛЮЧАЕМСЯ К ETHERSCAN (МОЖЕТ ЗАНЯТЬ НЕСКОЛЬКО МИНУТ) ****************
warn: .....
info: Общее количество соединений 120
error: Ошибка подключения к провайдеру Etherscan ID: ZU68GCEHMZ2Q5R5S543QGSTN1B1BWHTNYM
error: Message: processing response error (body="{\"status\":\"0\",\"message\":\"NOTOK\",\"result\":\"Invalid API Key\"}", error={"result":"{\"status\":\"0\",\"message\":\"NOTOK\",\"result\":\"Invalid API Key\"}"}, requestBody=null, requestMethod="GET", url="https://api.etherscan.io/api?module=proxy&action=eth_blockNumber&apikey=ZU68GCEHMZ2Q5R5S543QGSTN1B1BWHTNYM", code=SERVER_ERROR, version=web/5.6.1)
error: Удаляем это соединение
info: Общее количество соединений 119
error: Ошибка подключения к провайдеру Etherscan ID: ZU68GCEHMZ2Q5R5S543QGSTN1B1BWHTNYM
error: Message: processing response error (body="{\"status\":\"0\",\"message\":\"NOTOK\",\"result\":\"Invalid API Key\"}", error={"result":"{\"status\":\"0\",\"message\":\"NOTOK\",\"result\":\"Invalid API Key\"}"}, requestBody=null, requestMethod="GET", url="https://api.etherscan.io/api?module=proxy&action=eth_blockNumber&apikey=ZU68GCEHMZ2Q5R5S543QGSTN1B1BWHTNYM", code=SERVER_ERROR, version=web/5.6.1)
error: Удаляем это соединение
info: Общее количество соединений 118
error: Ошибка подключения к провайдеру Etherscan ID: ZU68GCEHMZ2Q5R5S543QGSTN1B1BWHTNYM
error: Message: processing response error (body="{\"status\":\"0\",\"message\":\"NOTOK\",\"result\":\"Too many invalid api key attempts, please try again later\"}", error={"result":"{\"status\":\"0\",\"message\":\"NOTOK\",\"result\":\"Too many invalid api key attempts, please try again later\"}"}, requestBody=null, requestMethod="GET", url="https://api.etherscan.io/api?module=proxy&action=eth_blockNumber&apikey=ZU68GCEHMZ2Q5R5S543QGSTN1B1BWHTNYM", code=SERVER_ERROR, version=web/5.6.1)
error: Удаляем это соединение
info: Общее количество соединений 117
error: Ошибка подключения к провайдеру Etherscan ID: ZU68GCEHMZ2Q5R5S543QGSTN1B1BWHTNYM
error: Message: processing response error (body="{\"status\":\"0\",\"message\":\"NOTOK\",\"result\":\"Too many invalid api key attempts, please try again later\"}", error={"result":"{\"status\":\"0\",\"message\":\"NOTOK\",\"result\":\"Too many invalid api key attempts, please try again later\"}"}, requestBody=null, requestMethod="GET", url="https://api.etherscan.io/api?module=proxy&action=eth_blockNumber&apikey=ZU68GCEHMZ2Q5R5S543QGSTN1B1BWHTNYM", code=SERVER_ERROR, version=web/5.6.1)
error: Удаляем это соединение
info: Общее количество соединений 116
error: Ошибка подключения к провайдеру Etherscan ID: UHNUNHRQANAT91UU3WISRBIS4BR2THNCHG
error: Message: missing response (requestBody=null, requestMethod="GET", serverError={"errno":-4077,"code":"ECONNRESET","syscall":"read"}, url="https://api.etherscan.io/api?module=proxy&action=eth_blockNumber&apikey=UHNUNHRQANAT91UU3WISRBIS4BR2THNCHG", code=SERVER_ERROR, version=web/5.6.1)
error: Удаляем это соединение
info: Общее количество соединений 115
info: ******************* ПОДКЛЮЧИЛИСЬ УСПЕШНО! ********************

info: Start Time: 10:56:05 AM
warn: .....
warn: WRONG RESPONSE getHistory(0xE20BB9f3966419E14BbbaAaa6789e92496CFA479,etherscan_16): invalid hash: 0xGENESIS_e20bb9f3966419e14bbbaaaa6789e92496cfa479, ID KEY: AEQ3BNUI9Y75SRCW5QETTN98JIKC4T6R91
warn: WRONG RESPONSE getHistory(0x9374869D4a9911ee1eAf558Bc4c2b63Ec63acFdD,etherscan_32): invalid hash: 0xGENESIS_9374869d4a9911ee1eaf558bc4c2b63ec63acfdd, ID KEY: KXXM4TZ8ZI26MYWPUXTFEZZ5FAFBEJN46W
warn: WRONG RESPONSE getHistory(0x637F5869D6e4695f0Eb9E27311C4878AFf333380,etherscan_15): invalid hash: 0xGENESIS_637f5869d6e4695f0eb9e27311c4878aff333380, ID KEY: S99FHYV5YSBW5KKU4N4AUMR4CBNRZ9FRG5
warn: WRONG RESPONSE getHistory(0x46C1Aa2244b9C8A957cA8FAc431B0595a3b86824,etherscan_12): invalid hash: 0xGENESIS_46c1aa2244b9c8a957ca8fac431b0595a3b86824, ID KEY: 2WFAAHGVRVJIEFT9IJC8ENS6Z36AB8X5D1
info: Done!
info: Аккаунты успешно загружены.
info: ******************* ПОДКЛЮЧАЕМСЯ К INFURA (МОЖЕТ ЗАНЯТЬ НЕСКОЛЬКО МИНУТ) *******************
warn: .....
info: Общее количество соединений 120
info: ******************* ПОДКЛЮЧАЕМСЯ К ETHERSCAN (МОЖЕТ ЗАНЯТЬ НЕСКОЛЬКО МИНУТ) ****************
warn: .....
info: Общее количество соединений 120
error: Ошибка подключения к провайдеру Etherscan ID: ZU68GCEHMZ2Q5R5S543QGSTN1B1BWHTNYM
info: Done!
info: Аккаунты успешно загружены.
info: ******************* ПОДКЛЮЧАЕМСЯ К INFURA (МОЖЕТ ЗАНЯТЬ НЕСКОЛЬКО МИНУТ) *******************
warn: .....
info: Общее количество соединений 120
info: ******************* ПОДКЛЮЧАЕМСЯ К ETHERSCAN (МОЖЕТ ЗАНЯТЬ НЕСКОЛЬКО МИНУТ) ****************
warn: .....
info: Общее количество соединений 120
error: Ошибка подключения к провайдеру Etherscan ID: ZU68GCEHMZ2Q5R5S543QGSTN1B1BWHTNYM
error: Message: processing response error (body="{\"status\":\"0\",\"message\":\"NOTOK\",\"result\":\"Invalid API Key\"}", error={"result":"{\"status\":\"0\",\"message\":\"NOTOK\",\"result\":\"Invalid API Key\"}"}, requestBody=null, requestMethod="GET", url="https://api.etherscan.io/api?module=proxy&action=eth_blockNumber&apikey=ZU68GCEHMZ2Q5R5S543QGSTN1B1BWHTNYM", code=SERVER_ERROR, version=web/5.6.1)
error: Удаляем это соединение
info: Общее количество соединений 119
info: Done!
info: Аккаунты успешно загружены.
info: ******************* ПОДКЛЮЧАЕМСЯ К INFURA (МОЖЕТ ЗАНЯТЬ НЕСКОЛЬКО МИНУТ) *******************
warn: .....
info: Общее количество соединений 120
info: ******************* ПОДКЛЮЧАЕМСЯ К ETHERSCAN (МОЖЕТ ЗАНЯТЬ НЕСКОЛЬКО МИНУТ) ****************
warn: .....
info: Общее количество соединений 120
error: Ошибка подключения к провайдеру Etherscan ID: ZU68GCEHMZ2Q5R5S543QGSTN1B1BWHTNYM
error: Message: processing response error (body="{\"status\":\"0\",\"message\":\"NOTOK\",\"result\":\"Invalid API Key\"}", error={"result":"{\"status\":\"0\",\"message\":\"NOTOK\",\"result\":\"Invalid API Key\"}"}, requestBody=null, requestMethod="GET", url="https://api.etherscan.io/api?module=proxy&action=eth_blockNumber&apikey=ZU68GCEHMZ2Q5R5S543QGSTN1B1BWHTNYM", code=SERVER_ERROR, version=web/5.6.1)
error: Удаляем это соединение
info: Общее количество соединений 116
info: ******************* ПОДКЛЮЧИЛИСЬ УСПЕШНО! ********************

info: Start Time: 11:12:43 AM
warn: .....
warn: WRONG RESPONSE getHistory(0x46C1Aa2244b9C8A957cA8FAc431B0595a3b86824,etherscan_12): invalid hash: 0xGENESIS_46c1aa2244b9c8a957ca8fac431b0595a3b86824, ID KEY: 2WFAAHGVRVJIEFT9IJC8ENS6Z36AB8X5D1
warn: WRONG RESPONSE getHistory(0x9374869D4a9911ee1eAf558Bc4c2b63Ec63acFdD,etherscan_31): invalid hash: 0xGENESIS_9374869d4a9911ee1eaf558bc4c2b63ec63acfdd, ID KEY: NPCSMNCKMP1VUNEKTTCYXMYT7UCNUFWYZR
warn: WRONG RESPONSE getHistory(0x637F5869D6e4695f0Eb9E27311C4878AFf333380,etherscan_14): invalid hash: 0xGENESIS_637f5869d6e4695f0eb9e27311c4878aff333380, ID KEY: 8YEHP7JBGSKZGT8DZV6K1XFGYN6TDDHZD1
warn: WRONG RESPONSE getHistory(0xE20BB9f3966419E14BbbaAaa6789e92496CFA479,etherscan_15): invalid hash: 0xGENESIS_e20bb9f3966419e14bbbaaaa6789e92496cfa479, ID KEY: S99FHYV5YSBW5KKU4N4AUMR4CBNRZ9FRG5
info: Всего обработано 116 аккаунтов и 88,996 транзакций. Время запроса: 91.31
info: Отчистили файлы finded.csv, no_out_trans.csv, wallet_err.csv
info: Сохранили 71 строк в finded.csv и 41 строк в no_out_trans.csv и 4 строк в wallet_err.csv
warn: WRONG RESPONSE getHistory(0x1aa27699caDa8DC3A76F7933AA66C71919040E88,etherscan_43): invalid hash: 0xGENESIS_1aa27699cada8dc3a76f7933aa66c71919040e88, ID KEY: UHNUNHRQANAT91UU3WISRBIS4BR2THNCHG
warn: WRONG RESPONSE getHistory(0xB11fa7Fb270AbCdF5a2eab95AA30c4B53636EfBf,etherscan_98): invalid hash: 0xGENESIS_b11fa7fb270abcdf5a2eab95aa30c4b53636efbf, ID KEY: 2DD3UTR872V5QCTW5HHTCHHNCJFDPP8QIW
info: Всего обработано 232 аккаунтов и 138,934 транзакций. Время запроса: 43.697
info: Сохранили 65 строк в finded.csv и 49 строк в no_out_trans.csv и 2 строк в wallet_err.csv
info: Всего обработано 348 аккаунтов и 174,382 транзакций. Время запроса: 29.347
info: Сохранили 77 строк в finded.csv и 39 строк в no_out_trans.csv и 0 строк в wallet_err.csv
info: Done!
info: Аккаунты успешно загружены.
info: ******************* ПОДКЛЮЧАЕМСЯ К INFURA (МОЖЕТ ЗАНЯТЬ НЕСКОЛЬКО МИНУТ) *******************
warn: .....
info: Общее количество соединений 120
info: Done!
info: Аккаунты успешно загружены.
info: ******************* ПОДКЛЮЧАЕМСЯ К INFURA (МОЖЕТ ЗАНЯТЬ НЕСКОЛЬКО МИНУТ) *******************
warn: .....
info: Общее количество соединений 120
info: ******************* ПОДКЛЮЧАЕМСЯ К ETHERSCAN (МОЖЕТ ЗАНЯТЬ НЕСКОЛЬКО МИНУТ) ****************
warn: .....
info: Общее количество соединений 120
error: Ошибка подключения к провайдеру Etherscan Key: ZU68GCEHMZ2Q5R5S543QGSTN1B1BWHTNYM
error: Message: processing response error (body="{\"status\":\"0\",\"message\":\"NOTOK\",\"result\":\"Invalid API Key\"}", error={"result":"{\"status\":\"0\",\"message\":\"NOTOK\",\"result\":\"Invalid API Key\"}"}, requestBody=null, requestMethod="GET", url="https://api.etherscan.io/api?module=proxy&action=eth_blockNumber&apikey=ZU68GCEHMZ2Q5R5S543QGSTN1B1BWHTNYM", code=SERVER_ERROR, version=web/5.6.1)
error: Удаляем соединения связанные c ключем ZU68GCEHMZ2Q5R5S543QGSTN1B1BWHTNYM
info: Общее количество соединений 116
info: ******************* ПОДКЛЮЧИЛИСЬ УСПЕШНО! ********************

info: Start Time: 11:18:48 AM
warn: .....
warn: WRONG RESPONSE getHistory(0xE20BB9f3966419E14BbbaAaa6789e92496CFA479,etherscan_15): invalid hash: 0xGENESIS_e20bb9f3966419e14bbbaaaa6789e92496cfa479, ID KEY: S99FHYV5YSBW5KKU4N4AUMR4CBNRZ9FRG5
warn: WRONG RESPONSE getHistory(0x9374869D4a9911ee1eAf558Bc4c2b63Ec63acFdD,etherscan_31): invalid hash: 0xGENESIS_9374869d4a9911ee1eaf558bc4c2b63ec63acfdd, ID KEY: NPCSMNCKMP1VUNEKTTCYXMYT7UCNUFWYZR
warn: WRONG RESPONSE getHistory(0x637F5869D6e4695f0Eb9E27311C4878AFf333380,etherscan_14): invalid hash: 0xGENESIS_637f5869d6e4695f0eb9e27311c4878aff333380, ID KEY: 8YEHP7JBGSKZGT8DZV6K1XFGYN6TDDHZD1
warn: WRONG RESPONSE getHistory(0x46C1Aa2244b9C8A957cA8FAc431B0595a3b86824,etherscan_12): invalid hash: 0xGENESIS_46c1aa2244b9c8a957ca8fac431b0595a3b86824, ID KEY: 2WFAAHGVRVJIEFT9IJC8ENS6Z36AB8X5D1
info: Всего обработано 116 аккаунтов и 88,996 транзакций. Время запроса: 82.759
info: Отчистили файлы finded.csv, no_out_trans.csv, wallet_err.csv
info: Сохранили 71 строк в finded.csv и 41 строк в no_out_trans.csv и 4 строк в wallet_err.csv
warn: WRONG RESPONSE getHistory(0x1aa27699caDa8DC3A76F7933AA66C71919040E88,etherscan_43): invalid hash: 0xGENESIS_1aa27699cada8dc3a76f7933aa66c71919040e88, ID KEY: UHNUNHRQANAT91UU3WISRBIS4BR2THNCHG
warn: WRONG RESPONSE getHistory(0xB11fa7Fb270AbCdF5a2eab95AA30c4B53636EfBf,etherscan_98): invalid hash: 0xGENESIS_b11fa7fb270abcdf5a2eab95aa30c4b53636efbf, ID KEY: 2DD3UTR872V5QCTW5HHTCHHNCJFDPP8QIW
info: Всего обработано 232 аккаунтов и 138,934 транзакций. Время запроса: 38.939
info: Сохранили 65 строк в finded.csv и 49 строк в no_out_trans.csv и 2 строк в wallet_err.csv
info: Всего обработано 348 аккаунтов и 174,382 транзакций. Время запроса: 42.455
info: Сохранили 77 строк в finded.csv и 39 строк в no_out_trans.csv и 0 строк в wallet_err.csv
info: Всего обработано 464 аккаунтов и 196,780 транзакций. Время запроса: 16.53
info: Сохранили 75 строк в finded.csv и 41 строк в no_out_trans.csv и 0 строк в wallet_err.csv
info: Всего обработано 580 аккаунтов и 247,495 транзакций. Время запроса: 116.243
info: Сохранили 72 строк в finded.csv и 44 строк в no_out_trans.csv и 0 строк в wallet_err.csv
info: Всего обработано 696 аккаунтов и 266,015 транзакций. Время запроса: 21.654
info: Сохранили 80 строк в finded.csv и 36 строк в no_out_trans.csv и 0 строк в wallet_err.csv
info: Всего обработано 812 аккаунтов и 306,421 транзакций. Время запроса: 49.437
info: Сохранили 78 строк в finded.csv и 38 строк в no_out_trans.csv и 0 строк в wallet_err.csv
warn: WRONG RESPONSE getTransaction(0x1a61ab0a36a91d9281af62fa5ec7079b04b9cda021fe689d3a53191278c41267): timeout, ID KEY: 3258e142b54447a89b8c002ee7465a6d
info: Всего обработано 928 аккаунтов и 332,591 транзакций. Время запроса: 123.226
info: Сохранили 73 строк в finded.csv и 43 строк в no_out_trans.csv и 0 строк в wallet_err.csv
info: Done!
info: Аккаунты успешно загружены.
info: ******************* ПОДКЛЮЧАЕМСЯ К INFURA (МОЖЕТ ЗАНЯТЬ НЕСКОЛЬКО МИНУТ) *******************
warn: .....
info: Общее количество соединений 116
info: ******************* ПОДКЛЮЧАЕМСЯ К ETHERSCAN (МОЖЕТ ЗАНЯТЬ НЕСКОЛЬКО МИНУТ) ****************
warn: .....
info: Общее количество соединений 116
info: ******************* ПОДКЛЮЧИЛИСЬ УСПЕШНО! ********************

info: Start Time: 12:46:46 PM
warn: .....
warn: WRONG RESPONSE getHistory(0x637F5869D6e4695f0Eb9E27311C4878AFf333380,etherscan_14): invalid hash: 0xGENESIS_637f5869d6e4695f0eb9e27311c4878aff333380, ID KEY: 8YEHP7JBGSKZGT8DZV6K1XFGYN6TDDHZD1
warn: WRONG RESPONSE getHistory(0x9374869D4a9911ee1eAf558Bc4c2b63Ec63acFdD,etherscan_30): invalid hash: 0xGENESIS_9374869d4a9911ee1eaf558bc4c2b63ec63acfdd, ID KEY: NPCSMNCKMP1VUNEKTTCYXMYT7UCNUFWYZR
warn: WRONG RESPONSE getHistory(0xE20BB9f3966419E14BbbaAaa6789e92496CFA479,etherscan_15): invalid hash: 0xGENESIS_e20bb9f3966419e14bbbaaaa6789e92496cfa479, ID KEY: S99FHYV5YSBW5KKU4N4AUMR4CBNRZ9FRG5
warn: WRONG RESPONSE getHistory(0x46C1Aa2244b9C8A957cA8FAc431B0595a3b86824,etherscan_12): invalid hash: 0xGENESIS_46c1aa2244b9c8a957ca8fac431b0595a3b86824, ID KEY: 2WFAAHGVRVJIEFT9IJC8ENS6Z36AB8X5D1
info: Done!
info: Аккаунты успешно загружены.
info: ******************* ПОДКЛЮЧАЕМСЯ К INFURA (МОЖЕТ ЗАНЯТЬ НЕСКОЛЬКО МИНУТ) *******************
warn: .....
info: Общее количество соединений 116
info: ******************* ПОДКЛЮЧАЕМСЯ К ETHERSCAN (МОЖЕТ ЗАНЯТЬ НЕСКОЛЬКО МИНУТ) ****************
warn: .....
info: Общее количество соединений 116
info: ******************* ПОДКЛЮЧИЛИСЬ УСПЕШНО! ********************

info: Start Time: 1:39:29 PM
warn: .....
warn: WRONG RESPONSE getHistory(0x46C1Aa2244b9C8A957cA8FAc431B0595a3b86824,etherscan_12): invalid hash: 0xGENESIS_46c1aa2244b9c8a957ca8fac431b0595a3b86824, ID KEY: 2WFAAHGVRVJIEFT9IJC8ENS6Z36AB8X5D1
warn: WRONG RESPONSE getHistory(0x637F5869D6e4695f0Eb9E27311C4878AFf333380,etherscan_14): invalid hash: 0xGENESIS_637f5869d6e4695f0eb9e27311c4878aff333380, ID KEY: 8YEHP7JBGSKZGT8DZV6K1XFGYN6TDDHZD1
warn: WRONG RESPONSE getHistory(0x9374869D4a9911ee1eAf558Bc4c2b63Ec63acFdD,etherscan_30): invalid hash: 0xGENESIS_9374869d4a9911ee1eaf558bc4c2b63ec63acfdd, ID KEY: NPCSMNCKMP1VUNEKTTCYXMYT7UCNUFWYZR
warn: WRONG RESPONSE getHistory(0xE20BB9f3966419E14BbbaAaa6789e92496CFA479,etherscan_15): invalid hash: 0xGENESIS_e20bb9f3966419e14bbbaaaa6789e92496cfa479, ID KEY: S99FHYV5YSBW5KKU4N4AUMR4CBNRZ9FRG5
info: Done!
info: Аккаунты успешно загружены.
info: ******************* ПОДКЛЮЧАЕМСЯ К INFURA (МОЖЕТ ЗАНЯТЬ НЕСКОЛЬКО МИНУТ) *******************
warn: .....
info: Общее количество соединений 116
info: ******************* ПОДКЛЮЧАЕМСЯ К ETHERSCAN (МОЖЕТ ЗАНЯТЬ НЕСКОЛЬКО МИНУТ) ****************
warn: .....
info: Общее количество соединений 116
info: ******************* ПОДКЛЮЧИЛИСЬ УСПЕШНО! ********************

info: Start Time: 2:12:55 PM
warn: .....
warn: WRONG RESPONSE getHistory(0xE20BB9f3966419E14BbbaAaa6789e92496CFA479,etherscan_15): invalid hash: 0xGENESIS_e20bb9f3966419e14bbbaaaa6789e92496cfa479, ID KEY: S99FHYV5YSBW5KKU4N4AUMR4CBNRZ9FRG5
warn: WRONG RESPONSE getHistory(0x9374869D4a9911ee1eAf558Bc4c2b63Ec63acFdD,etherscan_30): invalid hash: 0xGENESIS_9374869d4a9911ee1eaf558bc4c2b63ec63acfdd, ID KEY: NPCSMNCKMP1VUNEKTTCYXMYT7UCNUFWYZR
warn: WRONG RESPONSE getHistory(0x637F5869D6e4695f0Eb9E27311C4878AFf333380,etherscan_14): invalid hash: 0xGENESIS_637f5869d6e4695f0eb9e27311c4878aff333380, ID KEY: 8YEHP7JBGSKZGT8DZV6K1XFGYN6TDDHZD1
warn: WRONG RESPONSE getHistory(0x46C1Aa2244b9C8A957cA8FAc431B0595a3b86824,etherscan_12): invalid hash: 0xGENESIS_46c1aa2244b9c8a957ca8fac431b0595a3b86824, ID KEY: 2WFAAHGVRVJIEFT9IJC8ENS6Z36AB8X5D1
info: Done!
info: Аккаунты успешно загружены.
info: ******************* ПОДКЛЮЧАЕМСЯ К INFURA (МОЖЕТ ЗАНЯТЬ НЕСКОЛЬКО МИНУТ) *******************
warn: .....
info: Общее количество соединений 116
info: ******************* ПОДКЛЮЧАЕМСЯ К ETHERSCAN (МОЖЕТ ЗАНЯТЬ НЕСКОЛЬКО МИНУТ) ****************
warn: .....
info: Общее количество соединений 116
info: ******************* ПОДКЛЮЧИЛИСЬ УСПЕШНО! ********************

info: Start Time: 2:13:57 PM
warn: .....
warn: WRONG RESPONSE getHistory(0x9374869D4a9911ee1eAf558Bc4c2b63Ec63acFdD,etherscan_30): invalid hash: 0xGENESIS_9374869d4a9911ee1eaf558bc4c2b63ec63acfdd, ID KEY: NPCSMNCKMP1VUNEKTTCYXMYT7UCNUFWYZR
warn: WRONG RESPONSE getHistory(0x46C1Aa2244b9C8A957cA8FAc431B0595a3b86824,etherscan_12): invalid hash: 0xGENESIS_46c1aa2244b9c8a957ca8fac431b0595a3b86824, ID KEY: 2WFAAHGVRVJIEFT9IJC8ENS6Z36AB8X5D1
warn: WRONG RESPONSE getHistory(0xE20BB9f3966419E14BbbaAaa6789e92496CFA479,etherscan_15): invalid hash: 0xGENESIS_e20bb9f3966419e14bbbaaaa6789e92496cfa479, ID KEY: S99FHYV5YSBW5KKU4N4AUMR4CBNRZ9FRG5
warn: WRONG RESPONSE getHistory(0x637F5869D6e4695f0Eb9E27311C4878AFf333380,etherscan_14): invalid hash: 0xGENESIS_637f5869d6e4695f0eb9e27311c4878aff333380, ID KEY: 8YEHP7JBGSKZGT8DZV6K1XFGYN6TDDHZD1
info: Всего обработано 116 аккаунтов и 88,996 транзакций. Время запроса: 71.249
info: Отчистили файлы finded.csv, no_out_trans.csv, wallet_err.csv
info: Сохранили 71 строк в finded.csv и 41 строк в no_out_trans.csv и 4 строк в wallet_err.csv
warn: WRONG RESPONSE getHistory(0x1aa27699caDa8DC3A76F7933AA66C71919040E88,etherscan_42): invalid hash: 0xGENESIS_1aa27699cada8dc3a76f7933aa66c71919040e88, ID KEY: UHNUNHRQANAT91UU3WISRBIS4BR2THNCHG
warn: WRONG RESPONSE getHistory(0xB11fa7Fb270AbCdF5a2eab95AA30c4B53636EfBf,etherscan_95): invalid hash: 0xGENESIS_b11fa7fb270abcdf5a2eab95aa30c4b53636efbf, ID KEY: 2DD3UTR872V5QCTW5HHTCHHNCJFDPP8QIW
info: Всего обработано 232 аккаунтов и 138,936 транзакций. Время запроса: 38.07
info: Сохранили 65 строк в finded.csv и 49 строк в no_out_trans.csv и 2 строк в wallet_err.csv
info: Done!
info: Аккаунты успешно загружены.
info: ******************* ПОДКЛЮЧАЕМСЯ К INFURA (МОЖЕТ ЗАНЯТЬ НЕСКОЛЬКО МИНУТ) *******************
warn: .....
info: Общее количество соединений 116
error: Ошибка подключения к провайдеру Infura ID: 89dbeeaefe1847c085a3eabc7794fa47
error: Message: missing response (requestBody="{\"method\":\"eth_blockNumber\",\"params\":[],\"id\":42,\"jsonrpc\":\"2.0\"}", requestMethod="POST", serverError={"errno":-4039,"code":"ETIMEDOUT","syscall":"connect","address":"52.6.254.113","port":443}, url="https://mainnet.infura.io/v3/89dbeeaefe1847c085a3eabc7794fa47", code=SERVER_ERROR, version=web/5.7.1)
error: Удаляем соединения связанные c ID 89dbeeaefe1847c085a3eabc7794fa47
info: Общее количество соединений 112
error: Ошибка подключения к провайдеру Infura ID: ff49fc5d6a654d2fad397b69912d4e3e
error: Message: missing response (requestBody="{\"method\":\"eth_blockNumber\",\"params\":[],\"id\":43,\"jsonrpc\":\"2.0\"}", requestMethod="POST", serverError={"errno":-4039,"code":"ETIMEDOUT","syscall":"connect","address":"52.6.254.113","port":443}, url="https://mainnet.infura.io/v3/ff49fc5d6a654d2fad397b69912d4e3e", code=SERVER_ERROR, version=web/5.7.1)
error: Удаляем соединения связанные c ID ff49fc5d6a654d2fad397b69912d4e3e
info: Общее количество соединений 108
error: Ошибка подключения к провайдеру Infura ID: 5b34306b94414c55a0779ae253f80b6f
error: Message: missing response (requestBody="{\"method\":\"eth_blockNumber\",\"params\":[],\"id\":44,\"jsonrpc\":\"2.0\"}", requestMethod="POST", serverError={"errno":-4039,"code":"ETIMEDOUT","syscall":"connect","address":"52.6.254.113","port":443}, url="https://mainnet.infura.io/v3/5b34306b94414c55a0779ae253f80b6f", code=SERVER_ERROR, version=web/5.7.1)
error: Удаляем соединения связанные c ID 5b34306b94414c55a0779ae253f80b6f
info: Общее количество соединений 104
error: Ошибка подключения к провайдеру Infura ID: aae42c0e49f84fe7b90fdcdd0986acb8
error: Message: missing response (requestBody="{\"method\":\"eth_blockNumber\",\"params\":[],\"id\":45,\"jsonrpc\":\"2.0\"}", requestMethod="POST", serverError={"errno":-4039,"code":"ETIMEDOUT","syscall":"connect","address":"52.201.153.218","port":443}, url="https://mainnet.infura.io/v3/aae42c0e49f84fe7b90fdcdd0986acb8", code=SERVER_ERROR, version=web/5.7.1)
error: Удаляем соединения связанные c ID aae42c0e49f84fe7b90fdcdd0986acb8
info: Общее количество соединений 100
error: Ошибка подключения к провайдеру Infura ID: fd5e7ae90b3a4bf5968fb909257fff40
error: Message: missing response (requestBody="{\"method\":\"eth_blockNumber\",\"params\":[],\"id\":46,\"jsonrpc\":\"2.0\"}", requestMethod="POST", serverError={"errno":-4039,"code":"ETIMEDOUT","syscall":"connect","address":"52.201.153.218","port":443}, url="https://mainnet.infura.io/v3/fd5e7ae90b3a4bf5968fb909257fff40", code=SERVER_ERROR, version=web/5.7.1)
error: Удаляем соединения связанные c ID fd5e7ae90b3a4bf5968fb909257fff40
info: Общее количество соединений 96
error: Ошибка подключения к провайдеру Infura ID: 8b5d96ae74ec43059b32740f7ccfe595
error: Message: missing response (requestBody="{\"method\":\"eth_blockNumber\",\"params\":[],\"id\":47,\"jsonrpc\":\"2.0\"}", requestMethod="POST", serverError={"errno":-4039,"code":"ETIMEDOUT","syscall":"connect","address":"52.201.153.218","port":443}, url="https://mainnet.infura.io/v3/8b5d96ae74ec43059b32740f7ccfe595", code=SERVER_ERROR, version=web/5.7.1)
error: Удаляем соединения связанные c ID 8b5d96ae74ec43059b32740f7ccfe595
info: Общее количество соединений 92
error: Ошибка подключения к провайдеру Infura ID: 3258e142b54447a89b8c002ee7465a6d
error: Message: missing response (requestBody="{\"method\":\"eth_blockNumber\",\"params\":[],\"id\":48,\"jsonrpc\":\"2.0\"}", requestMethod="POST", serverError={"errno":-4039,"code":"ETIMEDOUT","syscall":"connect","address":"3.215.173.124","port":443}, url="https://mainnet.infura.io/v3/3258e142b54447a89b8c002ee7465a6d", code=SERVER_ERROR, version=web/5.7.1)
error: Удаляем соединения связанные c ID 3258e142b54447a89b8c002ee7465a6d
info: Общее количество соединений 88
error: Ошибка подключения к провайдеру Infura ID: a1743f084f8a46bfb3696389eeb9f217
error: Message: missing response (requestBody="{\"method\":\"eth_blockNumber\",\"params\":[],\"id\":49,\"jsonrpc\":\"2.0\"}", requestMethod="POST", serverError={"errno":-4079,"code":"ECONNABORTED","syscall":"connect","address":"3.215.173.124","port":443}, url="https://mainnet.infura.io/v3/a1743f084f8a46bfb3696389eeb9f217", code=SERVER_ERROR, version=web/5.7.1)
error: Удаляем соединения связанные c ID a1743f084f8a46bfb3696389eeb9f217
info: Общее количество соединений 84
info: Done!
info: Аккаунты успешно загружены.
info: ******************* ПОДКЛЮЧАЕМСЯ К INFURA (МОЖЕТ ЗАНЯТЬ НЕСКОЛЬКО МИНУТ) *******************
warn: .....
info: Общее количество соединений 120
error: Ошибка подключения к провайдеру Infura ID: e2da43769d694713b61702628ef124da
error: Message: failed response (requestBody="{\"method\":\"eth_blockNumber\",\"params\":[],\"id\":42,\"jsonrpc\":\"2.0\"}", requestMethod="POST", url="https://mainnet.infura.io/v3/e2da43769d694713b61702628ef124da", code=SERVER_ERROR, version=web/5.7.1)
error: Удаляем соединения связанные c ID e2da43769d694713b61702628ef124da
info: Общее количество соединений 116
error: Ошибка подключения к провайдеру Infura ID: 9db80c814ba04b51a0b79d439a3420e0
error: Message: failed response (requestBody="{\"method\":\"eth_blockNumber\",\"params\":[],\"id\":43,\"jsonrpc\":\"2.0\"}", requestMethod="POST", url="https://mainnet.infura.io/v3/9db80c814ba04b51a0b79d439a3420e0", code=SERVER_ERROR, version=web/5.7.1)
error: Удаляем соединения связанные c ID 9db80c814ba04b51a0b79d439a3420e0
info: Общее количество соединений 112
error: Ошибка подключения к провайдеру Infura ID: 3258e142b54447a89b8c002ee7465a6d
error: Message: timeout (requestBody="{\"method\":\"eth_blockNumber\",\"params\":[],\"id\":44,\"jsonrpc\":\"2.0\"}", requestMethod="POST", timeout=120000, url="https://mainnet.infura.io/v3/3258e142b54447a89b8c002ee7465a6d", code=TIMEOUT, version=web/5.7.1)
error: Удаляем соединения связанные c ID 3258e142b54447a89b8c002ee7465a6d
info: Общее количество соединений 108
info: ******************* ПОДКЛЮЧАЕМСЯ К ETHERSCAN (МОЖЕТ ЗАНЯТЬ НЕСКОЛЬКО МИНУТ) ****************
warn: .....
info: Общее количество соединений 116
error: Ошибка подключения к провайдеру Etherscan Key: WGWHHAU4F2Y58UW5FQWTUJWSXBNHU7WBSX
error: Message: missing response (requestBody=null, requestMethod="GET", serverError={"errno":-4039,"code":"ETIMEDOUT","syscall":"connect","address":"217.79.243.34","port":443}, url="https://api.etherscan.io/api?module=proxy&action=eth_blockNumber&apikey=WGWHHAU4F2Y58UW5FQWTUJWSXBNHU7WBSX", code=SERVER_ERROR, version=web/5.7.1)
error: Удаляем соединения связанные c ключем WGWHHAU4F2Y58UW5FQWTUJWSXBNHU7WBSX
info: Общее количество соединений 112
info: ******************* ПОДКЛЮЧИЛИСЬ УСПЕШНО! ********************

info: Start Time: 6:57:31 PM
warn: .....
info: Done!
info: Аккаунты успешно загружены.
info: ******************* ПОДКЛЮЧАЕМСЯ К INFURA (МОЖЕТ ЗАНЯТЬ НЕСКОЛЬКО МИНУТ) *******************
warn: .....
info: Общее количество соединений 108
error: Ошибка подключения к провайдеру Infura ID: 208c93f945a3495ebb9f42516bf63ad0
error: Message: timeout (requestBody="{\"method\":\"eth_blockNumber\",\"params\":[],\"id\":42,\"jsonrpc\":\"2.0\"}", requestMethod="POST", timeout=120000, url="https://mainnet.infura.io/v3/208c93f945a3495ebb9f42516bf63ad0", code=TIMEOUT, version=web/5.7.1)
error: Удаляем соединения связанные c ID 208c93f945a3495ebb9f42516bf63ad0
info: Общее количество соединений 104
info: ******************* ПОДКЛЮЧАЕМСЯ К ETHERSCAN (МОЖЕТ ЗАНЯТЬ НЕСКОЛЬКО МИНУТ) ****************
warn: .....
info: Общее количество соединений 112
info: ******************* ПОДКЛЮЧИЛИСЬ УСПЕШНО! ********************

info: Start Time: 7:08:47 PM
warn: .....
warn: WRONG RESPONSE getTransaction(0x83510fff4d7c2a05632a5af40ad71e954f6eca2addb01ba926914f8d40ee4039): timeout, ID KEY: fd5e7ae90b3a4bf5968fb909257fff40
warn: WRONG RESPONSE getTransaction(0x83510fff4d7c2a05632a5af40ad71e954f6eca2addb01ba926914f8d40ee4039): failed response, ID KEY: fd5e7ae90b3a4bf5968fb909257fff40
info: Всего обработано 9 аккаунтов и 2,032 транзакций. Время запроса: 295.835
info: Сохранили 8 строк в finded.csv и 1 строк в no_out_trans.csv и 0 строк в wallet_err.csv
warn: 

info: ******************* ОБРАБОТАЛИ ВСЕ АДРЕСА УСПЕШНО!! ********************
info: ******************* ОБРАБОТАЛИ ВСЕ АДРЕСА УСПЕШНО!! ********************
info: ******************* ОБРАБОТАЛИ ВСЕ АДРЕСА УСПЕШНО!! ********************
info: End Time: 7:13:42 PM
